<?xml version="1.0" encoding="UTF-8"?>
<testsuite name="test.Testor" tests="1" skipped="0" failures="0" errors="0" timestamp="2016-09-22T08:53:10" hostname="andydeMacBook-Pro.local" time="137.089">
  <properties/>
  <testcase name="testA" classname="test.Testor" time="137.089"/>
  <system-out><![CDATA[.      priority:5
provisioned 8 batches to be executed
thread:11.     time end:1474534399855.      time consumed:9641
simpleCompuation:9641
thread:11.     time end:1474534409519.      time consumed:9664
computationWithObjCreation:9664
computationWithObjCreationAndExecutors thread:11.     time begin:1474534409519
thread:14.      priority:5.     time begin:1474534409520
thread:15.      priority:5.     time begin:1474534409520
thread:16.      priority:5.     time begin:1474534409520
thread:17.      priority:5.     time begin:1474534409521
thread:18.      priority:5.     time begin:1474534409521
thread:19.      priority:5.     time begin:1474534409522
thread:20.      priority:5.     time begin:1474534409522
thread:21.      priority:5.     time begin:1474534409524
thread:20.      priority:5.     time end:1474534526066.      time consumed:116544
thread:17.      priority:5.     time end:1474534526571.      time consumed:117050
thread:16.      priority:5.     time end:1474534527161.      time consumed:117641
thread:15.      priority:5.     time end:1474534527268.      time consumed:117748
thread:18.      priority:5.     time end:1474534527283.      time consumed:117762
thread:21.      priority:5.     time end:1474534527289.      time consumed:117765
thread:19.      priority:5.     time end:1474534527291.      time consumed:117769
thread:14.      priority:5.     time end:1474534527300.      time consumed:117780
computationWithObjCreationAndExecutors:117781
]]></system-out>
  <system-err><![CDATA[]]></system-err>
</testsuite>
